2019-08-05 09:39:42 +0000  Initial pipeline context: <IDEDistributionProcessingPipelineContext: 0x7fa8f96531c0; archive(resolved)='<IDEArchive: 0x7fa9095ee840>', distributionTask(resolved)='2', distributionDestination(resolved)='1', distributionMethod(resolved)='<IDEDistributionMethodAdHoc: 0x7fa906d1ff70>', team(resolved)='<IDEProvisioningDisambiguatableBasicTeam: 0x7fa9095a7d50; teamID='7ZW2KAF3H4', teamName='Hankai Xia', teamType='Individual', username='deepjoinsh@gmail.com', isFreeProvisioningTeam='0'>'>
	Chain (12, self inclusive):
	<IDEDistributionProcessingPipelineContext: 0x7fa8f96531c0; archive = '<IDEArchive: 0x7fa9095ee840>', distributionMethod='<IDEDistributionMethodAdHoc: 0x7fa906d1ff70>', team='<IDEProvisioningDisambiguatableBasicTeam: 0x7fa9095a7d50; teamID='7ZW2KAF3H4', teamName='Hankai Xia', teamType='Individual', username='deepjoinsh@gmail.com', isFreeProvisioningTeam='0'>'>
	<IDEDistributionProcessingPipelineContext: 0x7fa8f9989be0; archive = '<IDEArchive: 0x7fa9095ee840>', distributionMethod='<IDEDistributionMethodAdHoc: 0x7fa906d1ff70>', team='<IDEProvisioningDisambiguatableBasicTeam: 0x7fa9095a7d50; teamID='7ZW2KAF3H4', teamName='Hankai Xia', teamType='Individual', username='deepjoinsh@gmail.com', isFreeProvisioningTeam='0'>'>
	<IDEDistributionContext: 0x7fa8f5e2a820; archive = '<IDEArchive: 0x7fa9095ee840>', distributionMethod='<IDEDistributionMethodAdHoc: 0x7fa906d1ff70>', team='<IDEProvisioningDisambiguatableBasicTeam: 0x7fa9095a7d50; teamID='7ZW2KAF3H4', teamName='Hankai Xia', teamType='Individual', username='deepjoinsh@gmail.com', isFreeProvisioningTeam='0'>'>
	<IDEDistributionContext: 0x7fa8f6f13fe0; archive = '<IDEArchive: 0x7fa9095ee840>', distributionMethod='<IDEDistributionMethodAdHoc: 0x7fa906d1ff70>', team='<IDEProvisioningDisambiguatableBasicTeam: 0x7fa9095a7d50; teamID='7ZW2KAF3H4', teamName='Hankai Xia', teamType='Individual', username='deepjoinsh@gmail.com', isFreeProvisioningTeam='0'>'>
	<IDEDistributionContext: 0x7fa8f9117e50; archive = '<IDEArchive: 0x7fa9095ee840>', distributionMethod='<IDEDistributionMethodAdHoc: 0x7fa906d1ff70>', team='<IDEProvisioningDisambiguatableBasicTeam: 0x7fa9095a7d50; teamID='7ZW2KAF3H4', teamName='Hankai Xia', teamType='Individual', username='deepjoinsh@gmail.com', isFreeProvisioningTeam='0'>'>
	<IDEDistributionContext: 0x7fa8f9139550; archive = '<IDEArchive: 0x7fa9095ee840>', distributionMethod='<IDEDistributionMethodAdHoc: 0x7fa906d1ff70>', team='<IDEProvisioningDisambiguatableBasicTeam: 0x7fa9095a7d50; teamID='7ZW2KAF3H4', teamName='Hankai Xia', teamType='Individual', username='deepjoinsh@gmail.com', isFreeProvisioningTeam='0'>'>
	<IDEDistributionContext: 0x7fa8f66e0940; archive = '<IDEArchive: 0x7fa9095ee840>', distributionMethod='<IDEDistributionMethodAdHoc: 0x7fa906d1ff70>', team='<IDEProvisioningDisambiguatableBasicTeam: 0x7fa9095a7d50; teamID='7ZW2KAF3H4', teamName='Hankai Xia', teamType='Individual', username='deepjoinsh@gmail.com', isFreeProvisioningTeam='0'>'>
	<IDEDistributionContext: 0x7fa8f91da830; archive = '<IDEArchive: 0x7fa9095ee840>', distributionMethod='<IDEDistributionMethodAdHoc: 0x7fa906d1ff70>', team='<IDEProvisioningDisambiguatableBasicTeam: 0x7fa9095a7d50; teamID='7ZW2KAF3H4', teamName='Hankai Xia', teamType='Individual', username='deepjoinsh@gmail.com', isFreeProvisioningTeam='0'>'>
	<IDEDistributionContext: 0x7fa8f5e02460; archive = '<IDEArchive: 0x7fa9095ee840>', distributionMethod='<IDEDistributionMethodAdHoc: 0x7fa906d1ff70>', team='<IDEProvisioningDisambiguatableBasicTeam: 0x7fa9095a7d50; teamID='7ZW2KAF3H4', teamName='Hankai Xia', teamType='Individual', username='deepjoinsh@gmail.com', isFreeProvisioningTeam='0'>'>
	<IDEDistributionContext: 0x7fa8f9af57b0; archive = '<IDEArchive: 0x7fa9095ee840>', distributionMethod='<IDEDistributionMethodAdHoc: 0x7fa906d1ff70>', team='(null)'>
	<IDEDistributionContext: 0x7fa8f9e0de60; archive = '<IDEArchive: 0x7fa9095ee840>', distributionMethod='<IDEDistributionMethodAdHoc: 0x7fa906d1ff70>', team='(null)'>
	<IDEDistributionContext: 0x7fa8f97f4490; archive = '<IDEArchive: 0x7fa9095ee840>', distributionMethod='(null)', team='(null)'>
</IDEDistributionProcessingPipelineContext: 0x7fa8f96531c0>
2019-08-05 09:39:42 +0000  Processing step: IDEDistributionCreateDestRootStep
2019-08-05 09:39:42 +0000  Processing step: IDEDistributionCopyItemStep
2019-08-05 09:39:42 +0000  Running /usr/bin/ditto '-V' '/Users/xiahankai/Library/Developer/Xcode/Archives/2019-08-05/RocketChatRN 2019-8-5, 5.24 PM.xcarchive/Products/Applications/RocketChatRN.app' '/var/folders/4y/2lfj08x53cv6x83lfp0h67xh0000gn/T/XcodeDistPipeline.~~~ufkuMs/Root/Payload/RocketChatRN.app'
2019-08-05 09:39:42 +0000  >>> Copying /Users/xiahankai/Library/Developer/Xcode/Archives/2019-08-05/RocketChatRN 2019-8-5, 5.24 PM.xcarchive/Products/Applications/RocketChatRN.app 
2019-08-05 09:39:42 +0000  copying file ./_CodeSignature/CodeResources ... 
2019-08-05 09:39:42 +0000  62616 bytes for ./_CodeSignature/CodeResources
2019-08-05 09:39:42 +0000  copying file ./antfill.ttf ... 
2019-08-05 09:39:42 +0000  47112 bytes for ./antfill.ttf
2019-08-05 09:39:42 +0000  copying file ./icomoon.ttf ... 
2019-08-05 09:39:42 +0000  2084 bytes for ./icomoon.ttf
copying file ./Octicons.ttf ... 
2019-08-05 09:39:42 +0000  27440 bytes for ./Octicons.ttf
2019-08-05 09:39:42 +0000  copying file ./Feather.ttf ... 
2019-08-05 09:39:42 +0000  65112 bytes for ./Feather.ttf
2019-08-05 09:39:42 +0000  copying file ./zh-Hans.lproj/LaunchScreen.strings ... 
2019-08-05 09:39:42 +0000  1 bytes for ./zh-Hans.lproj/LaunchScreen.strings
2019-08-05 09:39:42 +0000  copying file ./LaunchImage-1100-Portrait-2436h@3x.png ... 
2019-08-05 09:39:42 +0000  42574 bytes for ./LaunchImage-1100-Portrait-2436h@3x.png
2019-08-05 09:39:42 +0000  copying file ./AppIcon20x20@2x.png ... 
2019-08-05 09:39:42 +0000  2282 bytes for ./AppIcon20x20@2x.png
copying file ./AppIcon57x57.png ... 
2019-08-05 09:39:42 +0000  3423 bytes for ./AppIcon57x57.png
copying file ./Entypo.ttf ... 
2019-08-05 09:39:42 +0000  65584 bytes for ./Entypo.ttf
2019-08-05 09:39:42 +0000  copying file ./AppIcon20x20@3x.png ... 
2019-08-05 09:39:42 +0000  3725 bytes for ./AppIcon20x20@3x.png
2019-08-05 09:39:42 +0000  copying file ./antoutline.ttf ... 
2019-08-05 09:39:42 +0000  92180 bytes for ./antoutline.ttf
2019-08-05 09:39:42 +0000  copying file ./QBImagePicker.bundle/de.lproj/QBImagePicker.strings ... 
2019-08-05 09:39:42 +0000  686 bytes for ./QBImagePicker.bundle/de.lproj/QBImagePicker.strings
2019-08-05 09:39:42 +0000  copying file ./QBImagePicker.bundle/zh-Hans.lproj/QBImagePicker.strings ... 
2019-08-05 09:39:42 +0000  738 bytes for ./QBImagePicker.bundle/zh-Hans.lproj/QBImagePicker.strings
2019-08-05 09:39:42 +0000  copying file ./QBImagePicker.bundle/ja.lproj/QBImagePicker.strings ... 
2019-08-05 09:39:42 +0000  764 bytes for ./QBImagePicker.bundle/ja.lproj/QBImagePicker.strings
2019-08-05 09:39:42 +0000  copying file ./QBImagePicker.bundle/en.lproj/QBImagePicker.strings ... 
2019-08-05 09:39:42 +0000  681 bytes for ./QBImagePicker.bundle/en.lproj/QBImagePicker.strings
2019-08-05 09:39:42 +0000  copying file ./QBImagePicker.bundle/QBImagePicker.storyboardc/QiH-NZ-ZGN-view-sD2-zK-ryo.nib ... 
2019-08-05 09:39:42 +0000  10622 bytes for ./QBImagePicker.bundle/QBImagePicker.storyboardc/QiH-NZ-ZGN-view-sD2-zK-ryo.nib
2019-08-05 09:39:42 +0000  copying file ./QBImagePicker.bundle/QBImagePicker.storyboardc/QBAlbumsViewController.nib ... 
2019-08-05 09:39:42 +0000  1793 bytes for ./QBImagePicker.bundle/QBImagePicker.storyboardc/QBAlbumsViewController.nib
copying file ./QBImagePicker.bundle/QBImagePicker.storyboardc/QBAssetsViewController.nib ... 
2019-08-05 09:39:42 +0000  1377 bytes for ./QBImagePicker.bundle/QBImagePicker.storyboardc/QBAssetsViewController.nib
copying file ./QBImagePicker.bundle/QBImagePicker.storyboardc/QL5-wR-LYt-view-66K-TS-Yoc.nib ... 
2019-08-05 09:39:42 +0000  6736 bytes for ./QBImagePicker.bundle/QBImagePicker.storyboardc/QL5-wR-LYt-view-66K-TS-Yoc.nib
2019-08-05 09:39:42 +0000  copying file ./QBImagePicker.bundle/QBImagePicker.storyboardc/QBAlbumsNavigationController.nib ... 
2019-08-05 09:39:42 +0000  2573 bytes for ./QBImagePicker.bundle/QBImagePicker.storyboardc/QBAlbumsNavigationController.nib
copying file ./QBImagePicker.bundle/QBImagePicker.storyboardc/Info.plist ... 
2019-08-05 09:39:42 +0000  289 bytes for ./QBImagePicker.bundle/QBImagePicker.storyboardc/Info.plist
2019-08-05 09:39:42 +0000  copying file ./QBImagePicker.bundle/es.lproj/QBImagePicker.strings ... 
2019-08-05 09:39:42 +0000  685 bytes for ./QBImagePicker.bundle/es.lproj/QBImagePicker.strings
2019-08-05 09:39:42 +0000  copying file ./QBImagePicker.bundle/Info.plist ... 
2019-08-05 09:39:42 +0000  725 bytes for ./QBImagePicker.bundle/Info.plist
2019-08-05 09:39:42 +0000  copying file ./FontAwesome5_Brands.ttf ... 
2019-08-05 09:39:42 +0000  116280 bytes for ./FontAwesome5_Brands.ttf
2019-08-05 09:39:42 +0000  copying file ./AppIcon29x29.png ... 
2019-08-05 09:39:42 +0000  1525 bytes for ./AppIcon29x29.png
2019-08-05 09:39:42 +0000  copying file ./MaterialCommunityIcons.ttf ... 
2019-08-05 09:39:42 +0000  373772 bytes for ./MaterialCommunityIcons.ttf
copying file ./AppIcon60x60@2x.png ... 
2019-08-05 09:39:42 +0000  9115 bytes for ./AppIcon60x60@2x.png
2019-08-05 09:39:42 +0000  copying file ./RocketChatRN ... 
2019-08-05 09:39:42 +0000  116698144 bytes for ./RocketChatRN
2019-08-05 09:39:42 +0000  copying file ./AppIcon72x72@2x~ipad.png ... 
11298 bytes for ./AppIcon72x72@2x~ipad.png
copying file ./AppIcon29x29@2x.png ... 
3571 bytes for ./AppIcon29x29@2x.png
copying file ./LaunchImage-1100-Landscape-2436h@3x.png ... 
40408 bytes for ./LaunchImage-1100-Landscape-2436h@3x.png
copying file ./LaunchImage-800-667h@2x.png ... 
17666 bytes for ./LaunchImage-800-667h@2x.png
copying file ./AppIcon40x40@3x.png ... 
2019-08-05 09:39:42 +0000  9115 bytes for ./AppIcon40x40@3x.png
copying file ./AppIcon57x57@2x.png ... 
2019-08-05 09:39:42 +0000  8532 bytes for ./AppIcon57x57@2x.png
2019-08-05 09:39:42 +0000  copying file ./Foundation.ttf ... 
2019-08-05 09:39:42 +0000  56976 bytes for ./Foundation.ttf
2019-08-05 09:39:42 +0000  copying file ./AppIcon29x29~ipad.png ... 
2019-08-05 09:39:42 +0000  1525 bytes for ./AppIcon29x29~ipad.png
copying file ./Ionicons.ttf ... 
2019-08-05 09:39:42 +0000  112472 bytes for ./Ionicons.ttf
2019-08-05 09:39:42 +0000  copying file ./FontAwesome5_Solid.ttf ... 
2019-08-05 09:39:42 +0000  168176 bytes for ./FontAwesome5_Solid.ttf
2019-08-05 09:39:42 +0000  copying file ./AppIcon40x40@2x.png ... 
2019-08-05 09:39:42 +0000  5654 bytes for ./AppIcon40x40@2x.png
2019-08-05 09:39:42 +0000  copying file ./FontAwesome5_Regular.ttf ... 
2019-08-05 09:39:42 +0000  40416 bytes for ./FontAwesome5_Regular.ttf
copying file ./AppIcon29x29@3x.png ... 
2019-08-05 09:39:42 +0000  6162 bytes for ./AppIcon29x29@3x.png
copying file ./AppIcon60x60@3x.png ... 
2019-08-05 09:39:42 +0000  14421 bytes for ./AppIcon60x60@3x.png
2019-08-05 09:39:42 +0000  copying file ./Base.lproj/LaunchScreen.nib ... 
2019-08-05 09:39:42 +0000  1635 bytes for ./Base.lproj/LaunchScreen.nib
2019-08-05 09:39:42 +0000  copying file ./FontAwesome.ttf ... 
2019-08-05 09:39:42 +0000  165548 bytes for ./FontAwesome.ttf
2019-08-05 09:39:42 +0000  copying file ./Zocial.ttf ... 
2019-08-05 09:39:42 +0000  25552 bytes for ./Zocial.ttf
2019-08-05 09:39:42 +0000  copying file ./Assets.car ... 
2019-08-05 09:39:42 +0000  617752 bytes for ./Assets.car
copying file ./AppIcon40x40@2x~ipad.png ... 
2019-08-05 09:39:42 +0000  5654 bytes for ./AppIcon40x40@2x~ipad.png
copying file ./EvilIcons.ttf ... 
2019-08-05 09:39:42 +0000  13456 bytes for ./EvilIcons.ttf
2019-08-05 09:39:42 +0000  copying file ./AppIcon76x76@2x~ipad.png ... 
2019-08-05 09:39:42 +0000  12018 bytes for ./AppIcon76x76@2x~ipad.png
copying file ./LaunchImage-800-Portrait-736h@3x.png ... 
2019-08-05 09:39:42 +0000  12678 bytes for ./LaunchImage-800-Portrait-736h@3x.png
2019-08-05 09:39:42 +0000  copying file ./AppIcon72x72~ipad.png ... 
2019-08-05 09:39:42 +0000  5020 bytes for ./AppIcon72x72~ipad.png
copying file ./main.jsbundle ... 
2019-08-05 09:39:42 +0000  2808425 bytes for ./main.jsbundle
copying file ./Fabric.sh ... 
2019-08-05 09:39:42 +0000  1 bytes for ./Fabric.sh
copying file ./LaunchImage-700@2x.png ... 
12151 bytes for ./LaunchImage-700@2x.png
copying file ./AppIcon83.5x83.5@2x~ipad.png ... 
2019-08-05 09:39:42 +0000  13043 bytes for ./AppIcon83.5x83.5@2x~ipad.png
copying file ./LaunchImage-700-568h@2x.png ... 
2019-08-05 09:39:42 +0000  14457 bytes for ./LaunchImage-700-568h@2x.png
2019-08-05 09:39:42 +0000  copying file ./AppIcon50x50~ipad.png ... 
2019-08-05 09:39:42 +0000  2929 bytes for ./AppIcon50x50~ipad.png
2019-08-05 09:39:42 +0000  copying file ./RSKImageCropperStrings.bundle/de.lproj/RSKImageCropper.strings ... 
2019-08-05 09:39:42 +0000  1340 bytes for ./RSKImageCropperStrings.bundle/de.lproj/RSKImageCropper.strings
2019-08-05 09:39:42 +0000  copying file ./RSKImageCropperStrings.bundle/he.lproj/RSKImageCropper.strings ... 
2019-08-05 09:39:42 +0000  1351 bytes for ./RSKImageCropperStrings.bundle/he.lproj/RSKImageCropper.strings
2019-08-05 09:39:42 +0000  copying file ./RSKImageCropperStrings.bundle/ar.lproj/RSKImageCropper.strings ... 
2019-08-05 09:39:42 +0000  1339 bytes for ./RSKImageCropperStrings.bundle/ar.lproj/RSKImageCropper.strings
2019-08-05 09:39:42 +0000  copying file ./RSKImageCropperStrings.bundle/el.lproj/RSKImageCropper.strings ... 
2019-08-05 09:39:42 +0000  1370 bytes for ./RSKImageCropperStrings.bundle/el.lproj/RSKImageCropper.strings
2019-08-05 09:39:42 +0000  copying file ./RSKImageCropperStrings.bundle/zh-Hans.lproj/RSKImageCropper.strings ... 
2019-08-05 09:39:42 +0000  1327 bytes for ./RSKImageCropperStrings.bundle/zh-Hans.lproj/RSKImageCropper.strings
2019-08-05 09:39:42 +0000  copying file ./RSKImageCropperStrings.bundle/ja.lproj/RSKImageCropper.strings ... 
2019-08-05 09:39:42 +0000  1342 bytes for ./RSKImageCropperStrings.bundle/ja.lproj/RSKImageCropper.strings
2019-08-05 09:39:42 +0000  copying file ./RSKImageCropperStrings.bundle/mk.lproj/RSKImageCropper.strings ... 
2019-08-05 09:39:42 +0000  1369 bytes for ./RSKImageCropperStrings.bundle/mk.lproj/RSKImageCropper.strings
2019-08-05 09:39:42 +0000  copying file ./RSKImageCropperStrings.bundle/en.lproj/RSKImageCropper.strings ... 
2019-08-05 09:39:42 +0000  1326 bytes for ./RSKImageCropperStrings.bundle/en.lproj/RSKImageCropper.strings
2019-08-05 09:39:42 +0000  copying file ./RSKImageCropperStrings.bundle/uk.lproj/RSKImageCropper.strings ... 
2019-08-05 09:39:42 +0000  1359 bytes for ./RSKImageCropperStrings.bundle/uk.lproj/RSKImageCropper.strings
2019-08-05 09:39:42 +0000  copying file ./RSKImageCropperStrings.bundle/nb.lproj/RSKImageCropper.strings ... 
2019-08-05 09:39:42 +0000  1325 bytes for ./RSKImageCropperStrings.bundle/nb.lproj/RSKImageCropper.strings
2019-08-05 09:39:42 +0000  copying file ./RSKImageCropperStrings.bundle/es.lproj/RSKImageCropper.strings ... 
2019-08-05 09:39:42 +0000  1327 bytes for ./RSKImageCropperStrings.bundle/es.lproj/RSKImageCropper.strings
2019-08-05 09:39:42 +0000  copying file ./RSKImageCropperStrings.bundle/sl.lproj/RSKImageCropper.strings ... 
2019-08-05 09:39:42 +0000  1336 bytes for ./RSKImageCropperStrings.bundle/sl.lproj/RSKImageCropper.strings
2019-08-05 09:39:42 +0000  copying file ./RSKImageCropperStrings.bundle/pt_BR.lproj/RSKImageCropper.strings ... 
2019-08-05 09:39:42 +0000  1337 bytes for ./RSKImageCropperStrings.bundle/pt_BR.lproj/RSKImageCropper.strings
2019-08-05 09:39:42 +0000  copying file ./RSKImageCropperStrings.bundle/da.lproj/RSKImageCropper.strings ... 
2019-08-05 09:39:42 +0000  1327 bytes for ./RSKImageCropperStrings.bundle/da.lproj/RSKImageCropper.strings
2019-08-05 09:39:42 +0000  copying file ./RSKImageCropperStrings.bundle/et.lproj/RSKImageCropper.strings ... 
2019-08-05 09:39:42 +0000  1325 bytes for ./RSKImageCropperStrings.bundle/et.lproj/RSKImageCropper.strings
2019-08-05 09:39:42 +0000  copying file ./RSKImageCropperStrings.bundle/it.lproj/RSKImageCropper.strings ... 
2019-08-05 09:39:42 +0000  1334 bytes for ./RSKImageCropperStrings.bundle/it.lproj/RSKImageCropper.strings
2019-08-05 09:39:42 +0000  copying file ./RSKImageCropperStrings.bundle/bg.lproj/RSKImageCropper.strings ... 
2019-08-05 09:39:42 +0000  1374 bytes for ./RSKImageCropperStrings.bundle/bg.lproj/RSKImageCropper.strings
2019-08-05 09:39:42 +0000  copying file ./RSKImageCropperStrings.bundle/sk.lproj/RSKImageCropper.strings ... 
2019-08-05 09:39:42 +0000  1347 bytes for ./RSKImageCropperStrings.bundle/sk.lproj/RSKImageCropper.strings
2019-08-05 09:39:42 +0000  copying file ./RSKImageCropperStrings.bundle/pt_PT.lproj/RSKImageCropper.strings ... 
2019-08-05 09:39:42 +0000  1335 bytes for ./RSKImageCropperStrings.bundle/pt_PT.lproj/RSKImageCropper.strings
2019-08-05 09:39:42 +0000  copying file ./RSKImageCropperStrings.bundle/sr.lproj/RSKImageCropper.strings ... 
2019-08-05 09:39:42 +0000  1330 bytes for ./RSKImageCropperStrings.bundle/sr.lproj/RSKImageCropper.strings
2019-08-05 09:39:42 +0000  copying file ./RSKImageCropperStrings.bundle/ms.lproj/RSKImageCropper.strings ... 
2019-08-05 09:39:42 +0000  1324 bytes for ./RSKImageCropperStrings.bundle/ms.lproj/RSKImageCropper.strings
2019-08-05 09:39:42 +0000  copying file ./RSKImageCropperStrings.bundle/sv.lproj/RSKImageCropper.strings ... 
2019-08-05 09:39:42 +0000  1333 bytes for ./RSKImageCropperStrings.bundle/sv.lproj/RSKImageCropper.strings
2019-08-05 09:39:42 +0000  copying file ./RSKImageCropperStrings.bundle/cs.lproj/RSKImageCropper.strings ... 
2019-08-05 09:39:42 +0000  1328 bytes for ./RSKImageCropperStrings.bundle/cs.lproj/RSKImageCropper.strings
2019-08-05 09:39:42 +0000  copying file ./RSKImageCropperStrings.bundle/ko.lproj/RSKImageCropper.strings ... 
2019-08-05 09:39:42 +0000  1336 bytes for ./RSKImageCropperStrings.bundle/ko.lproj/RSKImageCropper.strings
2019-08-05 09:39:42 +0000  copying file ./RSKImageCropperStrings.bundle/fil.lproj/RSKImageCropper.strings ... 
2019-08-05 09:39:42 +0000  1334 bytes for ./RSKImageCropperStrings.bundle/fil.lproj/RSKImageCropper.strings
2019-08-05 09:39:42 +0000  copying file ./RSKImageCropperStrings.bundle/zh-Hant.lproj/RSKImageCropper.strings ... 
2019-08-05 09:39:42 +0000  1327 bytes for ./RSKImageCropperStrings.bundle/zh-Hant.lproj/RSKImageCropper.strings
2019-08-05 09:39:42 +0000  copying file ./RSKImageCropperStrings.bundle/hu.lproj/RSKImageCropper.strings ... 
2019-08-05 09:39:42 +0000  1345 bytes for ./RSKImageCropperStrings.bundle/hu.lproj/RSKImageCropper.strings
2019-08-05 09:39:42 +0000  copying file ./RSKImageCropperStrings.bundle/tr.lproj/RSKImageCropper.strings ... 
2019-08-05 09:39:42 +0000  1330 bytes for ./RSKImageCropperStrings.bundle/tr.lproj/RSKImageCropper.strings
2019-08-05 09:39:42 +0000  copying file ./RSKImageCropperStrings.bundle/pl.lproj/RSKImageCropper.strings ... 
2019-08-05 09:39:42 +0000  1325 bytes for ./RSKImageCropperStrings.bundle/pl.lproj/RSKImageCropper.strings
2019-08-05 09:39:42 +0000  copying file ./RSKImageCropperStrings.bundle/vi.lproj/RSKImageCropper.strings ... 
2019-08-05 09:39:42 +0000  1342 bytes for ./RSKImageCropperStrings.bundle/vi.lproj/RSKImageCropper.strings
2019-08-05 09:39:42 +0000  copying file ./RSKImageCropperStrings.bundle/lv.lproj/RSKImageCropper.strings ... 
2019-08-05 09:39:42 +0000  1333 bytes for ./RSKImageCropperStrings.bundle/lv.lproj/RSKImageCropper.strings
2019-08-05 09:39:42 +0000  copying file ./RSKImageCropperStrings.bundle/lt.lproj/RSKImageCropper.strings ... 
2019-08-05 09:39:42 +0000  1345 bytes for ./RSKImageCropperStrings.bundle/lt.lproj/RSKImageCropper.strings
2019-08-05 09:39:42 +0000  copying file ./RSKImageCropperStrings.bundle/ru.lproj/RSKImageCropper.strings ... 
2019-08-05 09:39:42 +0000  1358 bytes for ./RSKImageCropperStrings.bundle/ru.lproj/RSKImageCropper.strings
2019-08-05 09:39:42 +0000  copying file ./RSKImageCropperStrings.bundle/fr.lproj/RSKImageCropper.strings ... 
2019-08-05 09:39:42 +0000  1322 bytes for ./RSKImageCropperStrings.bundle/fr.lproj/RSKImageCropper.strings
2019-08-05 09:39:42 +0000  copying file ./RSKImageCropperStrings.bundle/fi.lproj/RSKImageCropper.strings ... 
2019-08-05 09:39:42 +0000  1330 bytes for ./RSKImageCropperStrings.bundle/fi.lproj/RSKImageCropper.strings
2019-08-05 09:39:42 +0000  copying file ./RSKImageCropperStrings.bundle/id.lproj/RSKImageCropper.strings ... 
2019-08-05 09:39:42 +0000  1333 bytes for ./RSKImageCropperStrings.bundle/id.lproj/RSKImageCropper.strings
2019-08-05 09:39:42 +0000  copying file ./RSKImageCropperStrings.bundle/nl.lproj/RSKImageCropper.strings ... 
2019-08-05 09:39:42 +0000  1339 bytes for ./RSKImageCropperStrings.bundle/nl.lproj/RSKImageCropper.strings
2019-08-05 09:39:42 +0000  copying file ./RSKImageCropperStrings.bundle/th.lproj/RSKImageCropper.strings ... 
2019-08-05 09:39:42 +0000  1384 bytes for ./RSKImageCropperStrings.bundle/th.lproj/RSKImageCropper.strings
2019-08-05 09:39:42 +0000  copying file ./RSKImageCropperStrings.bundle/pt.lproj/RSKImageCropper.strings ... 
2019-08-05 09:39:42 +0000  1335 bytes for ./RSKImageCropperStrings.bundle/pt.lproj/RSKImageCropper.strings
2019-08-05 09:39:42 +0000  copying file ./RSKImageCropperStrings.bundle/ro.lproj/RSKImageCropper.strings ... 
2019-08-05 09:39:42 +0000  1345 bytes for ./RSKImageCropperStrings.bundle/ro.lproj/RSKImageCropper.strings
2019-08-05 09:39:42 +0000  copying file ./RSKImageCropperStrings.bundle/bs.lproj/RSKImageCropper.strings ... 
2019-08-05 09:39:42 +0000  1333 bytes for ./RSKImageCropperStrings.bundle/bs.lproj/RSKImageCropper.strings
2019-08-05 09:39:42 +0000  copying file ./RSKImageCropperStrings.bundle/hr.lproj/RSKImageCropper.strings ... 
2019-08-05 09:39:42 +0000  1335 bytes for ./RSKImageCropperStrings.bundle/hr.lproj/RSKImageCropper.strings
2019-08-05 09:39:42 +0000  copying file ./RSKImageCropperStrings.bundle/hi.lproj/RSKImageCropper.strings ... 
2019-08-05 09:39:42 +0000  1387 bytes for ./RSKImageCropperStrings.bundle/hi.lproj/RSKImageCropper.strings
2019-08-05 09:39:42 +0000  copying file ./RSKImageCropperStrings.bundle/ca.lproj/RSKImageCropper.strings ... 
2019-08-05 09:39:42 +0000  1337 bytes for ./RSKImageCropperStrings.bundle/ca.lproj/RSKImageCropper.strings
2019-08-05 09:39:42 +0000  copying file ./RSKImageCropperStrings.bundle/zh.lproj/RSKImageCropper.strings ... 
2019-08-05 09:39:42 +0000  1327 bytes for ./RSKImageCropperStrings.bundle/zh.lproj/RSKImageCropper.strings
2019-08-05 09:39:42 +0000  copying file ./AppIcon29x29@2x~ipad.png ... 
2019-08-05 09:39:42 +0000  3571 bytes for ./AppIcon29x29@2x~ipad.png
copying file ./AppIcon50x50@2x~ipad.png ... 
2019-08-05 09:39:42 +0000  7362 bytes for ./AppIcon50x50@2x~ipad.png
2019-08-05 09:39:42 +0000  copying file ./AppIcon40x40~ipad.png ... 
2019-08-05 09:39:42 +0000  2282 bytes for ./AppIcon40x40~ipad.png
2019-08-05 09:39:42 +0000  copying file ./AppIcon20x20~ipad.png ... 
2019-08-05 09:39:42 +0000  1019 bytes for ./AppIcon20x20~ipad.png
copying file ./SimpleLineIcons.ttf ... 
2019-08-05 09:39:42 +0000  54056 bytes for ./SimpleLineIcons.ttf
copying file ./embedded.mobileprovision ... 
2019-08-05 09:39:42 +0000  7660 bytes for ./embedded.mobileprovision
2019-08-05 09:39:42 +0000  copying file ./assets/app/static/images/connectServer@2x.png ... 
2019-08-05 09:39:42 +0000  2044 bytes for ./assets/app/static/images/connectServer@2x.png
copying file ./assets/app/static/images/server.png ... 
2019-08-05 09:39:42 +0000  21299 bytes for ./assets/app/static/images/server.png
copying file ./assets/app/static/images/logoSmall.png ... 
2019-08-05 09:39:42 +0000  1365 bytes for ./assets/app/static/images/logoSmall.png
copying file ./assets/app/static/images/connectServer.png ... 
2019-08-05 09:39:42 +0000  1021 bytes for ./assets/app/static/images/connectServer.png
2019-08-05 09:39:42 +0000  copying file ./assets/app/static/images/connectServer@3x.png ... 
2019-08-05 09:39:42 +0000  3080 bytes for ./assets/app/static/images/connectServer@3x.png
copying file ./assets/app/static/images/server@3x.png ... 
2019-08-05 09:39:42 +0000  74925 bytes for ./assets/app/static/images/server@3x.png
2019-08-05 09:39:42 +0000  copying file ./assets/app/static/images/message_empty.png ... 
2019-08-05 09:39:42 +0000  77516 bytes for ./assets/app/static/images/message_empty.png
copying file ./assets/app/static/images/logoSmall@2x.png ... 
2019-08-05 09:39:42 +0000  2664 bytes for ./assets/app/static/images/logoSmall@2x.png
copying file ./assets/app/static/images/onboarding@3x.png ... 
2019-08-05 09:39:42 +0000  181275 bytes for ./assets/app/static/images/onboarding@3x.png
2019-08-05 09:39:42 +0000  copying file ./assets/app/static/images/onboarding@2x.png ... 
2019-08-05 09:39:42 +0000  113456 bytes for ./assets/app/static/images/onboarding@2x.png
copying file ./assets/app/static/images/logoSmall@3x.png ... 
2019-08-05 09:39:42 +0000  4165 bytes for ./assets/app/static/images/logoSmall@3x.png
copying file ./assets/app/static/images/server@2x.png ... 
2019-08-05 09:39:42 +0000  46941 bytes for ./assets/app/static/images/server@2x.png
copying file ./assets/app/static/images/logo.png ... 
2019-08-05 09:39:42 +0000  31833 bytes for ./assets/app/static/images/logo.png
copying file ./assets/app/static/images/onboarding.png ... 
2019-08-05 09:39:42 +0000  48612 bytes for ./assets/app/static/images/onboarding.png
2019-08-05 09:39:42 +0000  copying file ./assets/node_modules/react-native-video-controls/assets/img/bottom-vignette@2x.png ... 
2019-08-05 09:39:42 +0000  1047 bytes for ./assets/node_modules/react-native-video-controls/assets/img/bottom-vignette@2x.png
2019-08-05 09:39:42 +0000  copying file ./assets/node_modules/react-native-video-controls/assets/img/pause@2x.png ... 
2019-08-05 09:39:42 +0000  1140 bytes for ./assets/node_modules/react-native-video-controls/assets/img/pause@2x.png
copying file ./assets/node_modules/react-native-video-controls/assets/img/loader-icon.png ... 
2019-08-05 09:39:42 +0000  1196 bytes for ./assets/node_modules/react-native-video-controls/assets/img/loader-icon.png
copying file ./assets/node_modules/react-native-video-controls/assets/img/play@3x.png ... 
2019-08-05 09:39:42 +0000  1376 bytes for ./assets/node_modules/react-native-video-controls/assets/img/play@3x.png
2019-08-05 09:39:42 +0000  copying file ./assets/node_modules/react-native-video-controls/assets/img/back@2x.png ... 
2019-08-05 09:39:42 +0000  1260 bytes for ./assets/node_modules/react-native-video-controls/assets/img/back@2x.png
2019-08-05 09:39:42 +0000  copying file ./assets/node_modules/react-native-video-controls/assets/img/volume@3x.png ... 
2019-08-05 09:39:42 +0000  1470 bytes for ./assets/node_modules/react-native-video-controls/assets/img/volume@3x.png
2019-08-05 09:39:42 +0000  copying file ./assets/node_modules/react-native-video-controls/assets/img/volume.png ... 
2019-08-05 09:39:42 +0000  1298 bytes for ./assets/node_modules/react-native-video-controls/assets/img/volume.png
2019-08-05 09:39:42 +0000  copying file ./assets/node_modules/react-native-video-controls/assets/img/expand.png ... 
2019-08-05 09:39:42 +0000  1204 bytes for ./assets/node_modules/react-native-video-controls/assets/img/expand.png
2019-08-05 09:39:42 +0000  copying file ./assets/node_modules/react-native-video-controls/assets/img/error-icon.png ... 
2019-08-05 09:39:42 +0000  1633 bytes for ./assets/node_modules/react-native-video-controls/assets/img/error-icon.png
copying file ./assets/node_modules/react-native-video-controls/assets/img/volume@2x.png ... 
2019-08-05 09:39:42 +0000  1608 bytes for ./assets/node_modules/react-native-video-controls/assets/img/volume@2x.png
2019-08-05 09:39:42 +0000  copying file ./assets/node_modules/react-native-video-controls/assets/img/back@3x.png ... 
2019-08-05 09:39:42 +0000  1443 bytes for ./assets/node_modules/react-native-video-controls/assets/img/back@3x.png
2019-08-05 09:39:42 +0000  copying file ./assets/node_modules/react-native-video-controls/assets/img/play@2x.png ... 
2019-08-05 09:39:42 +0000  1233 bytes for ./assets/node_modules/react-native-video-controls/assets/img/play@2x.png
2019-08-05 09:39:42 +0000  copying file ./assets/node_modules/react-native-video-controls/assets/img/pause@3x.png ... 
2019-08-05 09:39:42 +0000  1213 bytes for ./assets/node_modules/react-native-video-controls/assets/img/pause@3x.png
copying file ./assets/node_modules/react-native-video-controls/assets/img/bottom-vignette@3x.png ... 
2019-08-05 09:39:42 +0000  1151 bytes for ./assets/node_modules/react-native-video-controls/assets/img/bottom-vignette@3x.png
2019-08-05 09:39:42 +0000  copying file ./assets/node_modules/react-native-video-controls/assets/img/shrink.png ... 
2019-08-05 09:39:42 +0000  1236 bytes for ./assets/node_modules/react-native-video-controls/assets/img/shrink.png
copying file ./assets/node_modules/react-native-video-controls/assets/img/bottom-vignette.png ... 
2019-08-05 09:39:42 +0000  976 bytes for ./assets/node_modules/react-native-video-controls/assets/img/bottom-vignette.png
2019-08-05 09:39:42 +0000  copying file ./assets/node_modules/react-native-video-controls/assets/img/shrink@3x.png ... 
2019-08-05 09:39:42 +0000  1631 bytes for ./assets/node_modules/react-native-video-controls/assets/img/shrink@3x.png
copying file ./assets/node_modules/react-native-video-controls/assets/img/loader-icon@2x.png ... 
2019-08-05 09:39:42 +0000  1409 bytes for ./assets/node_modules/react-native-video-controls/assets/img/loader-icon@2x.png
2019-08-05 09:39:42 +0000  copying file ./assets/node_modules/react-native-video-controls/assets/img/pause.png ... 
2019-08-05 09:39:42 +0000  1090 bytes for ./assets/node_modules/react-native-video-controls/assets/img/pause.png
copying file ./assets/node_modules/react-native-video-controls/assets/img/loader-icon@3x.png ... 
2019-08-05 09:39:42 +0000  1642 bytes for ./assets/node_modules/react-native-video-controls/assets/img/loader-icon@3x.png
copying file ./assets/node_modules/react-native-video-controls/assets/img/shrink@2x.png ... 
2019-08-05 09:39:42 +0000  1448 bytes for ./assets/node_modules/react-native-video-controls/assets/img/shrink@2x.png
2019-08-05 09:39:42 +0000  copying file ./assets/node_modules/react-native-video-controls/assets/img/top-vignette.png ... 
2019-08-05 09:39:42 +0000  990 bytes for ./assets/node_modules/react-native-video-controls/assets/img/top-vignette.png
copying file ./assets/node_modules/react-native-video-controls/assets/img/error-icon@2x.png ... 
2019-08-05 09:39:42 +0000  2550 bytes for ./assets/node_modules/react-native-video-controls/assets/img/error-icon@2x.png
copying file ./assets/node_modules/react-native-video-controls/assets/img/top-vignette@2x.png ... 
2019-08-05 09:39:42 +0000  1053 bytes for ./assets/node_modules/react-native-video-controls/assets/img/top-vignette@2x.png
2019-08-05 09:39:42 +0000  copying file ./assets/node_modules/react-native-video-controls/assets/img/expand@2x.png ... 
2019-08-05 09:39:42 +0000  1269 bytes for ./assets/node_modules/react-native-video-controls/assets/img/expand@2x.png
copying file ./assets/node_modules/react-native-video-controls/assets/img/expand@3x.png ... 
2019-08-05 09:39:42 +0000  1406 bytes for ./assets/node_modules/react-native-video-controls/assets/img/expand@3x.png
copying file ./assets/node_modules/react-native-video-controls/assets/img/play.png ... 
2019-08-05 09:39:42 +0000  1152 bytes for ./assets/node_modules/react-native-video-controls/assets/img/play.png
copying file ./assets/node_modules/react-native-video-controls/assets/img/back.png ... 
2019-08-05 09:39:42 +0000  1173 bytes for ./assets/node_modules/react-native-video-controls/assets/img/back.png
copying file ./assets/node_modules/react-native-video-controls/assets/img/top-vignette@3x.png ... 
2019-08-05 09:39:42 +0000  1170 bytes for ./assets/node_modules/react-native-video-controls/assets/img/top-vignette@3x.png
copying file ./assets/node_modules/react-native-video-controls/assets/img/error-icon@3x.png ... 
2019-08-05 09:39:42 +0000  3463 bytes for ./assets/node_modules/react-native-video-controls/assets/img/error-icon@3x.png
2019-08-05 09:39:42 +0000  copying file ./assets/node_modules/@bang88/react-native-ultimate-listview/src/downArrow.png ... 
2019-08-05 09:39:42 +0000  1194 bytes for ./assets/node_modules/@bang88/react-native-ultimate-listview/src/downArrow.png
2019-08-05 09:39:42 +0000  copying file ./LaunchImage-800-Landscape-736h@3x.png ... 
2019-08-05 09:39:42 +0000  11701 bytes for ./LaunchImage-800-Landscape-736h@3x.png
copying file ./AppIcon20x20@2x~ipad.png ... 
2019-08-05 09:39:42 +0000  2282 bytes for ./AppIcon20x20@2x~ipad.png
2019-08-05 09:39:42 +0000  copying file ./Info.plist ... 
2019-08-05 09:39:42 +0000  2905 bytes for ./Info.plist
copying file ./PkgInfo ... 
2019-08-05 09:39:42 +0000  8 bytes for ./PkgInfo
2019-08-05 09:39:42 +0000  copying file ./MaterialIcons.ttf ... 
2019-08-05 09:39:42 +0000  128180 bytes for ./MaterialIcons.ttf
2019-08-05 09:39:42 +0000  copying file ./AppIcon76x76~ipad.png ... 
2019-08-05 09:39:42 +0000  5345 bytes for ./AppIcon76x76~ipad.png
2019-08-05 09:39:42 +0000  /usr/bin/ditto exited with 0
2019-08-05 09:39:42 +0000  Processing step: IDEDistributionEmbedProfileStep
2019-08-05 09:39:42 +0000  Processing step: IDEDistributionAppThinningPlistStep
2019-08-05 09:39:42 +0000  Skipping step: IDEDistributionAppThinningPlistStep because it said so
2019-08-05 09:39:42 +0000  Processing step: IDEDistributionCompileBitcodeStep
2019-08-05 09:39:42 +0000  Skipping step: IDEDistributionCompileBitcodeStep because it said so
2019-08-05 09:39:42 +0000  Processing step: IDEDistributionCodeSlimmingStep
2019-08-05 09:39:42 +0000  Processing step: IDEDistributionCopyBCSymbolMapsStep
2019-08-05 09:39:42 +0000  Skipping step: IDEDistributionCopyBCSymbolMapsStep because it said so
2019-08-05 09:39:42 +0000  Processing step: IDEDistributionSymbolsStep
2019-08-05 09:39:42 +0000  Skipping step: IDEDistributionSymbolsStep because it said so
2019-08-05 09:39:42 +0000  Processing step: IDEDistributionAppThinningStep
2019-08-05 09:39:42 +0000  Skipping step: IDEDistributionAppThinningStep because it said so
2019-08-05 09:39:42 +0000  Processing step: IDEDistributionArchThinningStep
2019-08-05 09:39:42 +0000  Running /Applications/Xcode.app/Contents/Developer/Toolchains/XcodeDefault.xctoolchain/usr/bin/lipo '/var/folders/4y/2lfj08x53cv6x83lfp0h67xh0000gn/T/XcodeDistPipeline.~~~ufkuMs/Root/Payload/RocketChatRN.app/RocketChatRN' '-verify_arch' 'arm64e'
2019-08-05 09:39:42 +0000  /Applications/Xcode.app/Contents/Developer/Toolchains/XcodeDefault.xctoolchain/usr/bin/lipo exited with 1
2019-08-05 09:39:42 +0000  Skipping architecture thinning for item "RocketChatRN" because arch "arm64e" wasn't found
2019-08-05 09:39:42 +0000  Processing step: IDEDistributionODRStep
2019-08-05 09:39:42 +0000  Processing step: IDEDistributionStripXattrsStep
2019-08-05 09:39:42 +0000  Running /usr/bin/xattr '-crs' '/var/folders/4y/2lfj08x53cv6x83lfp0h67xh0000gn/T/XcodeDistPipeline.~~~ufkuMs/Root/Payload/RocketChatRN.app'
2019-08-05 09:39:42 +0000  /usr/bin/xattr exited with 0
2019-08-05 09:39:42 +0000  Processing step: IDEDistributionCodesignStep
2019-08-05 09:39:42 +0000  Entitlements for <IDEDistributionItem: 0x7fa8f63a8f40 'com.socialproduct.arcplus-99' '<DVTFilePath:0x7fa90cfa78f0:'/Users/xiahankai/Library/Developer/Xcode/Archives/2019-08-05/RocketChatRN 2019-8-5, 5.24 PM.xcarchive/Products/Applications/RocketChatRN.app'>'>: {
    "application-identifier" = "7ZW2KAF3H4.com.socialproduct.arcplus-99";
    "com.apple.developer.team-identifier" = 7ZW2KAF3H4;
    "get-task-allow" = 0;
    "keychain-access-groups" =     (
        "7ZW2KAF3H4.com.socialproduct.arcplus-99"
    );
}
2019-08-05 09:39:42 +0000  Writing entitlements for <IDEDistributionItem: 0x7fa8f63a8f40 'com.socialproduct.arcplus-99' '<DVTFilePath:0x7fa90cfa78f0:'/Users/xiahankai/Library/Developer/Xcode/Archives/2019-08-05/RocketChatRN 2019-8-5, 5.24 PM.xcarchive/Products/Applications/RocketChatRN.app'>'> to: /var/folders/4y/2lfj08x53cv6x83lfp0h67xh0000gn/T/XcodeDistPipeline.~~~ufkuMs/entitlements~~~nSRytV
2019-08-05 09:39:42 +0000  Running /usr/bin/codesign '-vvv' '--force' '--sign' '5D8D4F294759DE341EB77D28F9A7BEC8EB0CE33E' '--entitlements' '/var/folders/4y/2lfj08x53cv6x83lfp0h67xh0000gn/T/XcodeDistPipeline.~~~ufkuMs/entitlements~~~nSRytV' '--preserve-metadata=identifier,flags,runtime' '/var/folders/4y/2lfj08x53cv6x83lfp0h67xh0000gn/T/XcodeDistPipeline.~~~ufkuMs/Root/Payload/RocketChatRN.app'
2019-08-05 09:39:43 +0000  /var/folders/4y/2lfj08x53cv6x83lfp0h67xh0000gn/T/XcodeDistPipeline.~~~ufkuMs/Root/Payload/RocketChatRN.app: signed app bundle with Mach-O universal (armv7 arm64) [com.socialproduct.arcplus-99]
2019-08-05 09:39:43 +0000  /usr/bin/codesign exited with 0
2019-08-05 09:39:43 +0000  Processing step: IDEDistributionZipODRItemStep
2019-08-05 09:39:43 +0000  Skipping step: IDEDistributionZipODRItemStep because it said so
2019-08-05 09:39:43 +0000  Processing step: IDEDistributionCreateIPAStep
2019-08-05 09:39:43 +0000  Running /usr/bin/ditto '-V' '-c' '-k' '--norsrc' '/var/folders/4y/2lfj08x53cv6x83lfp0h67xh0000gn/T/XcodeDistPipeline.~~~ufkuMs/Root' '/var/folders/4y/2lfj08x53cv6x83lfp0h67xh0000gn/T/XcodeDistPipeline.~~~ufkuMs/Packages/RocketChatRN.ipa'
2019-08-05 09:39:43 +0000  >>> Copying /var/folders/4y/2lfj08x53cv6x83lfp0h67xh0000gn/T/XcodeDistPipeline.~~~ufkuMs/Root 
2019-08-05 09:39:43 +0000  copying file ./Payload/RocketChatRN.app/_CodeSignature/CodeResources ... 
2019-08-05 09:39:43 +0000  62616 bytes for ./Payload/RocketChatRN.app/_CodeSignature/CodeResources
copying file ./Payload/RocketChatRN.app/antfill.ttf ... 
2019-08-05 09:39:43 +0000  47112 bytes for ./Payload/RocketChatRN.app/antfill.ttf
copying file ./Payload/RocketChatRN.app/icomoon.ttf ... 
2019-08-05 09:39:43 +0000  2084 bytes for ./Payload/RocketChatRN.app/icomoon.ttf
2019-08-05 09:39:43 +0000  copying file ./Payload/RocketChatRN.app/Octicons.ttf ... 
2019-08-05 09:39:43 +0000  27440 bytes for ./Payload/RocketChatRN.app/Octicons.ttf
copying file ./Payload/RocketChatRN.app/Feather.ttf ... 
2019-08-05 09:39:43 +0000  65112 bytes for ./Payload/RocketChatRN.app/Feather.ttf
2019-08-05 09:39:43 +0000  copying file ./Payload/RocketChatRN.app/zh-Hans.lproj/LaunchScreen.strings ... 
1 bytes for ./Payload/RocketChatRN.app/zh-Hans.lproj/LaunchScreen.strings
copying file ./Payload/RocketChatRN.app/LaunchImage-1100-Portrait-2436h@3x.png ... 
2019-08-05 09:39:43 +0000  42574 bytes for ./Payload/RocketChatRN.app/LaunchImage-1100-Portrait-2436h@3x.png
copying file ./Payload/RocketChatRN.app/AppIcon20x20@2x.png ... 
2019-08-05 09:39:43 +0000  2282 bytes for ./Payload/RocketChatRN.app/AppIcon20x20@2x.png
copying file ./Payload/RocketChatRN.app/AppIcon57x57.png ... 
2019-08-05 09:39:43 +0000  3423 bytes for ./Payload/RocketChatRN.app/AppIcon57x57.png
copying file ./Payload/RocketChatRN.app/Entypo.ttf ... 
2019-08-05 09:39:43 +0000  65584 bytes for ./Payload/RocketChatRN.app/Entypo.ttf
copying file ./Payload/RocketChatRN.app/AppIcon20x20@3x.png ... 
2019-08-05 09:39:43 +0000  3725 bytes for ./Payload/RocketChatRN.app/AppIcon20x20@3x.png
copying file ./Payload/RocketChatRN.app/antoutline.ttf ... 
2019-08-05 09:39:43 +0000  92180 bytes for ./Payload/RocketChatRN.app/antoutline.ttf
2019-08-05 09:39:43 +0000  copying file ./Payload/RocketChatRN.app/QBImagePicker.bundle/de.lproj/QBImagePicker.strings ... 
686 bytes for ./Payload/RocketChatRN.app/QBImagePicker.bundle/de.lproj/QBImagePicker.strings
2019-08-05 09:39:43 +0000  copying file ./Payload/RocketChatRN.app/QBImagePicker.bundle/zh-Hans.lproj/QBImagePicker.strings ... 
2019-08-05 09:39:43 +0000  738 bytes for ./Payload/RocketChatRN.app/QBImagePicker.bundle/zh-Hans.lproj/QBImagePicker.strings
copying file ./Payload/RocketChatRN.app/QBImagePicker.bundle/ja.lproj/QBImagePicker.strings ... 
764 bytes for ./Payload/RocketChatRN.app/QBImagePicker.bundle/ja.lproj/QBImagePicker.strings
2019-08-05 09:39:43 +0000  copying file ./Payload/RocketChatRN.app/QBImagePicker.bundle/en.lproj/QBImagePicker.strings ... 
681 bytes for ./Payload/RocketChatRN.app/QBImagePicker.bundle/en.lproj/QBImagePicker.strings
copying file ./Payload/RocketChatRN.app/QBImagePicker.bundle/QBImagePicker.storyboardc/QiH-NZ-ZGN-view-sD2-zK-ryo.nib ... 
2019-08-05 09:39:43 +0000  10622 bytes for ./Payload/RocketChatRN.app/QBImagePicker.bundle/QBImagePicker.storyboardc/QiH-NZ-ZGN-view-sD2-zK-ryo.nib
copying file ./Payload/RocketChatRN.app/QBImagePicker.bundle/QBImagePicker.storyboardc/QBAlbumsViewController.nib ... 
2019-08-05 09:39:43 +0000  1793 bytes for ./Payload/RocketChatRN.app/QBImagePicker.bundle/QBImagePicker.storyboardc/QBAlbumsViewController.nib
copying file ./Payload/RocketChatRN.app/QBImagePicker.bundle/QBImagePicker.storyboardc/QBAssetsViewController.nib ... 
2019-08-05 09:39:43 +0000  1377 bytes for ./Payload/RocketChatRN.app/QBImagePicker.bundle/QBImagePicker.storyboardc/QBAssetsViewController.nib
copying file ./Payload/RocketChatRN.app/QBImagePicker.bundle/QBImagePicker.storyboardc/QL5-wR-LYt-view-66K-TS-Yoc.nib ... 
2019-08-05 09:39:43 +0000  6736 bytes for ./Payload/RocketChatRN.app/QBImagePicker.bundle/QBImagePicker.storyboardc/QL5-wR-LYt-view-66K-TS-Yoc.nib
2019-08-05 09:39:43 +0000  copying file ./Payload/RocketChatRN.app/QBImagePicker.bundle/QBImagePicker.storyboardc/QBAlbumsNavigationController.nib ... 
2573 bytes for ./Payload/RocketChatRN.app/QBImagePicker.bundle/QBImagePicker.storyboardc/QBAlbumsNavigationController.nib
copying file ./Payload/RocketChatRN.app/QBImagePicker.bundle/QBImagePicker.storyboardc/Info.plist ... 
2019-08-05 09:39:43 +0000  289 bytes for ./Payload/RocketChatRN.app/QBImagePicker.bundle/QBImagePicker.storyboardc/Info.plist
copying file ./Payload/RocketChatRN.app/QBImagePicker.bundle/es.lproj/QBImagePicker.strings ... 
2019-08-05 09:39:43 +0000  685 bytes for ./Payload/RocketChatRN.app/QBImagePicker.bundle/es.lproj/QBImagePicker.strings
copying file ./Payload/RocketChatRN.app/QBImagePicker.bundle/Info.plist ... 
725 bytes for ./Payload/RocketChatRN.app/QBImagePicker.bundle/Info.plist
copying file ./Payload/RocketChatRN.app/FontAwesome5_Brands.ttf ... 
2019-08-05 09:39:43 +0000  116280 bytes for ./Payload/RocketChatRN.app/FontAwesome5_Brands.ttf
copying file ./Payload/RocketChatRN.app/AppIcon29x29.png ... 
2019-08-05 09:39:43 +0000  1525 bytes for ./Payload/RocketChatRN.app/AppIcon29x29.png
copying file ./Payload/RocketChatRN.app/MaterialCommunityIcons.ttf ... 
2019-08-05 09:39:43 +0000  373772 bytes for ./Payload/RocketChatRN.app/MaterialCommunityIcons.ttf
copying file ./Payload/RocketChatRN.app/AppIcon60x60@2x.png ... 
2019-08-05 09:39:43 +0000  9115 bytes for ./Payload/RocketChatRN.app/AppIcon60x60@2x.png
2019-08-05 09:39:43 +0000  copying file ./Payload/RocketChatRN.app/RocketChatRN ... 
2019-08-05 09:39:44 +0000  18174368 bytes for ./Payload/RocketChatRN.app/RocketChatRN
2019-08-05 09:39:44 +0000  copying file ./Payload/RocketChatRN.app/AppIcon72x72@2x~ipad.png ... 
2019-08-05 09:39:44 +0000  11298 bytes for ./Payload/RocketChatRN.app/AppIcon72x72@2x~ipad.png
copying file ./Payload/RocketChatRN.app/AppIcon29x29@2x.png ... 
2019-08-05 09:39:44 +0000  3571 bytes for ./Payload/RocketChatRN.app/AppIcon29x29@2x.png
2019-08-05 09:39:44 +0000  copying file ./Payload/RocketChatRN.app/LaunchImage-1100-Landscape-2436h@3x.png ... 
2019-08-05 09:39:44 +0000  40408 bytes for ./Payload/RocketChatRN.app/LaunchImage-1100-Landscape-2436h@3x.png
copying file ./Payload/RocketChatRN.app/LaunchImage-800-667h@2x.png ... 
2019-08-05 09:39:44 +0000  17666 bytes for ./Payload/RocketChatRN.app/LaunchImage-800-667h@2x.png
copying file ./Payload/RocketChatRN.app/AppIcon40x40@3x.png ... 
2019-08-05 09:39:44 +0000  9115 bytes for ./Payload/RocketChatRN.app/AppIcon40x40@3x.png
copying file ./Payload/RocketChatRN.app/AppIcon57x57@2x.png ... 
2019-08-05 09:39:44 +0000  8532 bytes for ./Payload/RocketChatRN.app/AppIcon57x57@2x.png
copying file ./Payload/RocketChatRN.app/Foundation.ttf ... 
2019-08-05 09:39:44 +0000  56976 bytes for ./Payload/RocketChatRN.app/Foundation.ttf
copying file ./Payload/RocketChatRN.app/AppIcon29x29~ipad.png ... 
2019-08-05 09:39:44 +0000  1525 bytes for ./Payload/RocketChatRN.app/AppIcon29x29~ipad.png
copying file ./Payload/RocketChatRN.app/Ionicons.ttf ... 
2019-08-05 09:39:44 +0000  112472 bytes for ./Payload/RocketChatRN.app/Ionicons.ttf
2019-08-05 09:39:44 +0000  copying file ./Payload/RocketChatRN.app/FontAwesome5_Solid.ttf ... 
2019-08-05 09:39:44 +0000  168176 bytes for ./Payload/RocketChatRN.app/FontAwesome5_Solid.ttf
copying file ./Payload/RocketChatRN.app/AppIcon40x40@2x.png ... 
2019-08-05 09:39:44 +0000  5654 bytes for ./Payload/RocketChatRN.app/AppIcon40x40@2x.png
copying file ./Payload/RocketChatRN.app/FontAwesome5_Regular.ttf ... 
2019-08-05 09:39:44 +0000  40416 bytes for ./Payload/RocketChatRN.app/FontAwesome5_Regular.ttf
copying file ./Payload/RocketChatRN.app/AppIcon29x29@3x.png ... 
2019-08-05 09:39:44 +0000  6162 bytes for ./Payload/RocketChatRN.app/AppIcon29x29@3x.png
2019-08-05 09:39:44 +0000  copying file ./Payload/RocketChatRN.app/AppIcon60x60@3x.png ... 
2019-08-05 09:39:44 +0000  14421 bytes for ./Payload/RocketChatRN.app/AppIcon60x60@3x.png
2019-08-05 09:39:44 +0000  copying file ./Payload/RocketChatRN.app/Base.lproj/LaunchScreen.nib ... 
2019-08-05 09:39:44 +0000  1635 bytes for ./Payload/RocketChatRN.app/Base.lproj/LaunchScreen.nib
copying file ./Payload/RocketChatRN.app/FontAwesome.ttf ... 
2019-08-05 09:39:44 +0000  165548 bytes for ./Payload/RocketChatRN.app/FontAwesome.ttf
copying file ./Payload/RocketChatRN.app/Zocial.ttf ... 
2019-08-05 09:39:44 +0000  25552 bytes for ./Payload/RocketChatRN.app/Zocial.ttf
copying file ./Payload/RocketChatRN.app/Assets.car ... 
2019-08-05 09:39:44 +0000  617752 bytes for ./Payload/RocketChatRN.app/Assets.car
copying file ./Payload/RocketChatRN.app/AppIcon40x40@2x~ipad.png ... 
2019-08-05 09:39:44 +0000  5654 bytes for ./Payload/RocketChatRN.app/AppIcon40x40@2x~ipad.png
2019-08-05 09:39:44 +0000  copying file ./Payload/RocketChatRN.app/EvilIcons.ttf ... 
2019-08-05 09:39:44 +0000  13456 bytes for ./Payload/RocketChatRN.app/EvilIcons.ttf
copying file ./Payload/RocketChatRN.app/AppIcon76x76@2x~ipad.png ... 
2019-08-05 09:39:44 +0000  12018 bytes for ./Payload/RocketChatRN.app/AppIcon76x76@2x~ipad.png
copying file ./Payload/RocketChatRN.app/LaunchImage-800-Portrait-736h@3x.png ... 
2019-08-05 09:39:44 +0000  12678 bytes for ./Payload/RocketChatRN.app/LaunchImage-800-Portrait-736h@3x.png
copying file ./Payload/RocketChatRN.app/AppIcon72x72~ipad.png ... 
2019-08-05 09:39:44 +0000  5020 bytes for ./Payload/RocketChatRN.app/AppIcon72x72~ipad.png
copying file ./Payload/RocketChatRN.app/main.jsbundle ... 
2019-08-05 09:39:44 +0000  2808425 bytes for ./Payload/RocketChatRN.app/main.jsbundle
copying file ./Payload/RocketChatRN.app/Fabric.sh ... 
2019-08-05 09:39:44 +0000  1 bytes for ./Payload/RocketChatRN.app/Fabric.sh
copying file ./Payload/RocketChatRN.app/LaunchImage-700@2x.png ... 
2019-08-05 09:39:44 +0000  12151 bytes for ./Payload/RocketChatRN.app/LaunchImage-700@2x.png
copying file ./Payload/RocketChatRN.app/AppIcon83.5x83.5@2x~ipad.png ... 
2019-08-05 09:39:44 +0000  13043 bytes for ./Payload/RocketChatRN.app/AppIcon83.5x83.5@2x~ipad.png
2019-08-05 09:39:44 +0000  copying file ./Payload/RocketChatRN.app/LaunchImage-700-568h@2x.png ... 
2019-08-05 09:39:44 +0000  14457 bytes for ./Payload/RocketChatRN.app/LaunchImage-700-568h@2x.png
copying file ./Payload/RocketChatRN.app/AppIcon50x50~ipad.png ... 
2019-08-05 09:39:44 +0000  2929 bytes for ./Payload/RocketChatRN.app/AppIcon50x50~ipad.png
2019-08-05 09:39:44 +0000  copying file ./Payload/RocketChatRN.app/RSKImageCropperStrings.bundle/de.lproj/RSKImageCropper.strings ... 
2019-08-05 09:39:44 +0000  1340 bytes for ./Payload/RocketChatRN.app/RSKImageCropperStrings.bundle/de.lproj/RSKImageCropper.strings
copying file ./Payload/RocketChatRN.app/RSKImageCropperStrings.bundle/he.lproj/RSKImageCropper.strings ... 
2019-08-05 09:39:44 +0000  1351 bytes for ./Payload/RocketChatRN.app/RSKImageCropperStrings.bundle/he.lproj/RSKImageCropper.strings
2019-08-05 09:39:44 +0000  copying file ./Payload/RocketChatRN.app/RSKImageCropperStrings.bundle/ar.lproj/RSKImageCropper.strings ... 
1339 bytes for ./Payload/RocketChatRN.app/RSKImageCropperStrings.bundle/ar.lproj/RSKImageCropper.strings
2019-08-05 09:39:44 +0000  copying file ./Payload/RocketChatRN.app/RSKImageCropperStrings.bundle/el.lproj/RSKImageCropper.strings ... 
1370 bytes for ./Payload/RocketChatRN.app/RSKImageCropperStrings.bundle/el.lproj/RSKImageCropper.strings
2019-08-05 09:39:44 +0000  copying file ./Payload/RocketChatRN.app/RSKImageCropperStrings.bundle/zh-Hans.lproj/RSKImageCropper.strings ... 
2019-08-05 09:39:44 +0000  1327 bytes for ./Payload/RocketChatRN.app/RSKImageCropperStrings.bundle/zh-Hans.lproj/RSKImageCropper.strings
copying file ./Payload/RocketChatRN.app/RSKImageCropperStrings.bundle/ja.lproj/RSKImageCropper.strings ... 
2019-08-05 09:39:44 +0000  1342 bytes for ./Payload/RocketChatRN.app/RSKImageCropperStrings.bundle/ja.lproj/RSKImageCropper.strings
2019-08-05 09:39:44 +0000  copying file ./Payload/RocketChatRN.app/RSKImageCropperStrings.bundle/mk.lproj/RSKImageCropper.strings ... 
1369 bytes for ./Payload/RocketChatRN.app/RSKImageCropperStrings.bundle/mk.lproj/RSKImageCropper.strings
2019-08-05 09:39:44 +0000  copying file ./Payload/RocketChatRN.app/RSKImageCropperStrings.bundle/en.lproj/RSKImageCropper.strings ... 
2019-08-05 09:39:44 +0000  1326 bytes for ./Payload/RocketChatRN.app/RSKImageCropperStrings.bundle/en.lproj/RSKImageCropper.strings
copying file ./Payload/RocketChatRN.app/RSKImageCropperStrings.bundle/uk.lproj/RSKImageCropper.strings ... 
2019-08-05 09:39:44 +0000  1359 bytes for ./Payload/RocketChatRN.app/RSKImageCropperStrings.bundle/uk.lproj/RSKImageCropper.strings
2019-08-05 09:39:44 +0000  copying file ./Payload/RocketChatRN.app/RSKImageCropperStrings.bundle/nb.lproj/RSKImageCropper.strings ... 
2019-08-05 09:39:44 +0000  1325 bytes for ./Payload/RocketChatRN.app/RSKImageCropperStrings.bundle/nb.lproj/RSKImageCropper.strings
copying file ./Payload/RocketChatRN.app/RSKImageCropperStrings.bundle/es.lproj/RSKImageCropper.strings ... 
2019-08-05 09:39:44 +0000  1327 bytes for ./Payload/RocketChatRN.app/RSKImageCropperStrings.bundle/es.lproj/RSKImageCropper.strings
2019-08-05 09:39:44 +0000  copying file ./Payload/RocketChatRN.app/RSKImageCropperStrings.bundle/sl.lproj/RSKImageCropper.strings ... 
2019-08-05 09:39:44 +0000  1336 bytes for ./Payload/RocketChatRN.app/RSKImageCropperStrings.bundle/sl.lproj/RSKImageCropper.strings
copying file ./Payload/RocketChatRN.app/RSKImageCropperStrings.bundle/pt_BR.lproj/RSKImageCropper.strings ... 
2019-08-05 09:39:44 +0000  1337 bytes for ./Payload/RocketChatRN.app/RSKImageCropperStrings.bundle/pt_BR.lproj/RSKImageCropper.strings
2019-08-05 09:39:44 +0000  copying file ./Payload/RocketChatRN.app/RSKImageCropperStrings.bundle/da.lproj/RSKImageCropper.strings ... 
2019-08-05 09:39:44 +0000  1327 bytes for ./Payload/RocketChatRN.app/RSKImageCropperStrings.bundle/da.lproj/RSKImageCropper.strings
copying file ./Payload/RocketChatRN.app/RSKImageCropperStrings.bundle/et.lproj/RSKImageCropper.strings ... 
2019-08-05 09:39:44 +0000  1325 bytes for ./Payload/RocketChatRN.app/RSKImageCropperStrings.bundle/et.lproj/RSKImageCropper.strings
2019-08-05 09:39:44 +0000  copying file ./Payload/RocketChatRN.app/RSKImageCropperStrings.bundle/it.lproj/RSKImageCropper.strings ... 
1334 bytes for ./Payload/RocketChatRN.app/RSKImageCropperStrings.bundle/it.lproj/RSKImageCropper.strings
2019-08-05 09:39:44 +0000  copying file ./Payload/RocketChatRN.app/RSKImageCropperStrings.bundle/bg.lproj/RSKImageCropper.strings ... 
1374 bytes for ./Payload/RocketChatRN.app/RSKImageCropperStrings.bundle/bg.lproj/RSKImageCropper.strings
2019-08-05 09:39:44 +0000  copying file ./Payload/RocketChatRN.app/RSKImageCropperStrings.bundle/sk.lproj/RSKImageCropper.strings ... 
1347 bytes for ./Payload/RocketChatRN.app/RSKImageCropperStrings.bundle/sk.lproj/RSKImageCropper.strings
2019-08-05 09:39:44 +0000  copying file ./Payload/RocketChatRN.app/RSKImageCropperStrings.bundle/pt_PT.lproj/RSKImageCropper.strings ... 
1335 bytes for ./Payload/RocketChatRN.app/RSKImageCropperStrings.bundle/pt_PT.lproj/RSKImageCropper.strings
2019-08-05 09:39:44 +0000  copying file ./Payload/RocketChatRN.app/RSKImageCropperStrings.bundle/sr.lproj/RSKImageCropper.strings ... 
1330 bytes for ./Payload/RocketChatRN.app/RSKImageCropperStrings.bundle/sr.lproj/RSKImageCropper.strings
2019-08-05 09:39:44 +0000  copying file ./Payload/RocketChatRN.app/RSKImageCropperStrings.bundle/ms.lproj/RSKImageCropper.strings ... 
1324 bytes for ./Payload/RocketChatRN.app/RSKImageCropperStrings.bundle/ms.lproj/RSKImageCropper.strings
2019-08-05 09:39:44 +0000  copying file ./Payload/RocketChatRN.app/RSKImageCropperStrings.bundle/sv.lproj/RSKImageCropper.strings ... 
1333 bytes for ./Payload/RocketChatRN.app/RSKImageCropperStrings.bundle/sv.lproj/RSKImageCropper.strings
2019-08-05 09:39:44 +0000  copying file ./Payload/RocketChatRN.app/RSKImageCropperStrings.bundle/cs.lproj/RSKImageCropper.strings ... 
1328 bytes for ./Payload/RocketChatRN.app/RSKImageCropperStrings.bundle/cs.lproj/RSKImageCropper.strings
2019-08-05 09:39:44 +0000  copying file ./Payload/RocketChatRN.app/RSKImageCropperStrings.bundle/ko.lproj/RSKImageCropper.strings ... 
1336 bytes for ./Payload/RocketChatRN.app/RSKImageCropperStrings.bundle/ko.lproj/RSKImageCropper.strings
2019-08-05 09:39:44 +0000  copying file ./Payload/RocketChatRN.app/RSKImageCropperStrings.bundle/fil.lproj/RSKImageCropper.strings ... 
1334 bytes for ./Payload/RocketChatRN.app/RSKImageCropperStrings.bundle/fil.lproj/RSKImageCropper.strings
2019-08-05 09:39:44 +0000  copying file ./Payload/RocketChatRN.app/RSKImageCropperStrings.bundle/zh-Hant.lproj/RSKImageCropper.strings ... 
1327 bytes for ./Payload/RocketChatRN.app/RSKImageCropperStrings.bundle/zh-Hant.lproj/RSKImageCropper.strings
2019-08-05 09:39:44 +0000  copying file ./Payload/RocketChatRN.app/RSKImageCropperStrings.bundle/hu.lproj/RSKImageCropper.strings ... 
1345 bytes for ./Payload/RocketChatRN.app/RSKImageCropperStrings.bundle/hu.lproj/RSKImageCropper.strings
2019-08-05 09:39:44 +0000  copying file ./Payload/RocketChatRN.app/RSKImageCropperStrings.bundle/tr.lproj/RSKImageCropper.strings ... 
1330 bytes for ./Payload/RocketChatRN.app/RSKImageCropperStrings.bundle/tr.lproj/RSKImageCropper.strings
2019-08-05 09:39:44 +0000  copying file ./Payload/RocketChatRN.app/RSKImageCropperStrings.bundle/pl.lproj/RSKImageCropper.strings ... 
1325 bytes for ./Payload/RocketChatRN.app/RSKImageCropperStrings.bundle/pl.lproj/RSKImageCropper.strings
2019-08-05 09:39:44 +0000  copying file ./Payload/RocketChatRN.app/RSKImageCropperStrings.bundle/vi.lproj/RSKImageCropper.strings ... 
1342 bytes for ./Payload/RocketChatRN.app/RSKImageCropperStrings.bundle/vi.lproj/RSKImageCropper.strings
2019-08-05 09:39:44 +0000  copying file ./Payload/RocketChatRN.app/RSKImageCropperStrings.bundle/lv.lproj/RSKImageCropper.strings ... 
2019-08-05 09:39:44 +0000  1333 bytes for ./Payload/RocketChatRN.app/RSKImageCropperStrings.bundle/lv.lproj/RSKImageCropper.strings
copying file ./Payload/RocketChatRN.app/RSKImageCropperStrings.bundle/lt.lproj/RSKImageCropper.strings ... 
2019-08-05 09:39:44 +0000  1345 bytes for ./Payload/RocketChatRN.app/RSKImageCropperStrings.bundle/lt.lproj/RSKImageCropper.strings
copying file ./Payload/RocketChatRN.app/RSKImageCropperStrings.bundle/ru.lproj/RSKImageCropper.strings ... 
2019-08-05 09:39:44 +0000  1358 bytes for ./Payload/RocketChatRN.app/RSKImageCropperStrings.bundle/ru.lproj/RSKImageCropper.strings
copying file ./Payload/RocketChatRN.app/RSKImageCropperStrings.bundle/fr.lproj/RSKImageCropper.strings ... 
2019-08-05 09:39:44 +0000  1322 bytes for ./Payload/RocketChatRN.app/RSKImageCropperStrings.bundle/fr.lproj/RSKImageCropper.strings
copying file ./Payload/RocketChatRN.app/RSKImageCropperStrings.bundle/fi.lproj/RSKImageCropper.strings ... 
2019-08-05 09:39:44 +0000  1330 bytes for ./Payload/RocketChatRN.app/RSKImageCropperStrings.bundle/fi.lproj/RSKImageCropper.strings
copying file ./Payload/RocketChatRN.app/RSKImageCropperStrings.bundle/id.lproj/RSKImageCropper.strings ... 
2019-08-05 09:39:44 +0000  1333 bytes for ./Payload/RocketChatRN.app/RSKImageCropperStrings.bundle/id.lproj/RSKImageCropper.strings
copying file ./Payload/RocketChatRN.app/RSKImageCropperStrings.bundle/nl.lproj/RSKImageCropper.strings ... 
2019-08-05 09:39:44 +0000  1339 bytes for ./Payload/RocketChatRN.app/RSKImageCropperStrings.bundle/nl.lproj/RSKImageCropper.strings
copying file ./Payload/RocketChatRN.app/RSKImageCropperStrings.bundle/th.lproj/RSKImageCropper.strings ... 
2019-08-05 09:39:44 +0000  1384 bytes for ./Payload/RocketChatRN.app/RSKImageCropperStrings.bundle/th.lproj/RSKImageCropper.strings
2019-08-05 09:39:44 +0000  copying file ./Payload/RocketChatRN.app/RSKImageCropperStrings.bundle/pt.lproj/RSKImageCropper.strings ... 
2019-08-05 09:39:44 +0000  1335 bytes for ./Payload/RocketChatRN.app/RSKImageCropperStrings.bundle/pt.lproj/RSKImageCropper.strings
2019-08-05 09:39:44 +0000  copying file ./Payload/RocketChatRN.app/RSKImageCropperStrings.bundle/ro.lproj/RSKImageCropper.strings ... 
1345 bytes for ./Payload/RocketChatRN.app/RSKImageCropperStrings.bundle/ro.lproj/RSKImageCropper.strings
copying file ./Payload/RocketChatRN.app/RSKImageCropperStrings.bundle/bs.lproj/RSKImageCropper.strings ... 
2019-08-05 09:39:44 +0000  1333 bytes for ./Payload/RocketChatRN.app/RSKImageCropperStrings.bundle/bs.lproj/RSKImageCropper.strings
2019-08-05 09:39:44 +0000  copying file ./Payload/RocketChatRN.app/RSKImageCropperStrings.bundle/hr.lproj/RSKImageCropper.strings ... 
1335 bytes for ./Payload/RocketChatRN.app/RSKImageCropperStrings.bundle/hr.lproj/RSKImageCropper.strings
2019-08-05 09:39:44 +0000  copying file ./Payload/RocketChatRN.app/RSKImageCropperStrings.bundle/hi.lproj/RSKImageCropper.strings ... 
1387 bytes for ./Payload/RocketChatRN.app/RSKImageCropperStrings.bundle/hi.lproj/RSKImageCropper.strings
2019-08-05 09:39:44 +0000  copying file ./Payload/RocketChatRN.app/RSKImageCropperStrings.bundle/ca.lproj/RSKImageCropper.strings ... 
1337 bytes for ./Payload/RocketChatRN.app/RSKImageCropperStrings.bundle/ca.lproj/RSKImageCropper.strings
2019-08-05 09:39:44 +0000  copying file ./Payload/RocketChatRN.app/RSKImageCropperStrings.bundle/zh.lproj/RSKImageCropper.strings ... 
2019-08-05 09:39:44 +0000  1327 bytes for ./Payload/RocketChatRN.app/RSKImageCropperStrings.bundle/zh.lproj/RSKImageCropper.strings
copying file ./Payload/RocketChatRN.app/AppIcon29x29@2x~ipad.png ... 
2019-08-05 09:39:44 +0000  3571 bytes for ./Payload/RocketChatRN.app/AppIcon29x29@2x~ipad.png
copying file ./Payload/RocketChatRN.app/AppIcon50x50@2x~ipad.png ... 
2019-08-05 09:39:44 +0000  7362 bytes for ./Payload/RocketChatRN.app/AppIcon50x50@2x~ipad.png
copying file ./Payload/RocketChatRN.app/AppIcon40x40~ipad.png ... 
2019-08-05 09:39:44 +0000  2282 bytes for ./Payload/RocketChatRN.app/AppIcon40x40~ipad.png
2019-08-05 09:39:44 +0000  copying file ./Payload/RocketChatRN.app/AppIcon20x20~ipad.png ... 
1019 bytes for ./Payload/RocketChatRN.app/AppIcon20x20~ipad.png
2019-08-05 09:39:44 +0000  copying file ./Payload/RocketChatRN.app/SimpleLineIcons.ttf ... 
2019-08-05 09:39:44 +0000  54056 bytes for ./Payload/RocketChatRN.app/SimpleLineIcons.ttf
copying file ./Payload/RocketChatRN.app/embedded.mobileprovision ... 
2019-08-05 09:39:44 +0000  7720 bytes for ./Payload/RocketChatRN.app/embedded.mobileprovision
2019-08-05 09:39:44 +0000  copying file ./Payload/RocketChatRN.app/assets/app/static/images/connectServer@2x.png ... 
2019-08-05 09:39:44 +0000  2044 bytes for ./Payload/RocketChatRN.app/assets/app/static/images/connectServer@2x.png
copying file ./Payload/RocketChatRN.app/assets/app/static/images/server.png ... 
2019-08-05 09:39:44 +0000  21299 bytes for ./Payload/RocketChatRN.app/assets/app/static/images/server.png
copying file ./Payload/RocketChatRN.app/assets/app/static/images/logoSmall.png ... 
2019-08-05 09:39:44 +0000  1365 bytes for ./Payload/RocketChatRN.app/assets/app/static/images/logoSmall.png
copying file ./Payload/RocketChatRN.app/assets/app/static/images/connectServer.png ... 
2019-08-05 09:39:44 +0000  1021 bytes for ./Payload/RocketChatRN.app/assets/app/static/images/connectServer.png
copying file ./Payload/RocketChatRN.app/assets/app/static/images/connectServer@3x.png ... 
2019-08-05 09:39:44 +0000  3080 bytes for ./Payload/RocketChatRN.app/assets/app/static/images/connectServer@3x.png
copying file ./Payload/RocketChatRN.app/assets/app/static/images/server@3x.png ... 
2019-08-05 09:39:44 +0000  74925 bytes for ./Payload/RocketChatRN.app/assets/app/static/images/server@3x.png
2019-08-05 09:39:44 +0000  copying file ./Payload/RocketChatRN.app/assets/app/static/images/message_empty.png ... 
2019-08-05 09:39:44 +0000  77516 bytes for ./Payload/RocketChatRN.app/assets/app/static/images/message_empty.png
copying file ./Payload/RocketChatRN.app/assets/app/static/images/logoSmall@2x.png ... 
2019-08-05 09:39:44 +0000  2664 bytes for ./Payload/RocketChatRN.app/assets/app/static/images/logoSmall@2x.png
copying file ./Payload/RocketChatRN.app/assets/app/static/images/onboarding@3x.png ... 
2019-08-05 09:39:44 +0000  181275 bytes for ./Payload/RocketChatRN.app/assets/app/static/images/onboarding@3x.png
copying file ./Payload/RocketChatRN.app/assets/app/static/images/onboarding@2x.png ... 
2019-08-05 09:39:44 +0000  113456 bytes for ./Payload/RocketChatRN.app/assets/app/static/images/onboarding@2x.png
copying file ./Payload/RocketChatRN.app/assets/app/static/images/logoSmall@3x.png ... 
2019-08-05 09:39:44 +0000  4165 bytes for ./Payload/RocketChatRN.app/assets/app/static/images/logoSmall@3x.png
copying file ./Payload/RocketChatRN.app/assets/app/static/images/server@2x.png ... 
2019-08-05 09:39:44 +0000  46941 bytes for ./Payload/RocketChatRN.app/assets/app/static/images/server@2x.png
copying file ./Payload/RocketChatRN.app/assets/app/static/images/logo.png ... 
2019-08-05 09:39:44 +0000  31833 bytes for ./Payload/RocketChatRN.app/assets/app/static/images/logo.png
2019-08-05 09:39:44 +0000  copying file ./Payload/RocketChatRN.app/assets/app/static/images/onboarding.png ... 
2019-08-05 09:39:44 +0000  48612 bytes for ./Payload/RocketChatRN.app/assets/app/static/images/onboarding.png
2019-08-05 09:39:44 +0000  copying file ./Payload/RocketChatRN.app/assets/node_modules/react-native-video-controls/assets/img/bottom-vignette@2x.png ... 
2019-08-05 09:39:44 +0000  1047 bytes for ./Payload/RocketChatRN.app/assets/node_modules/react-native-video-controls/assets/img/bottom-vignette@2x.png
copying file ./Payload/RocketChatRN.app/assets/node_modules/react-native-video-controls/assets/img/pause@2x.png ... 
2019-08-05 09:39:44 +0000  1140 bytes for ./Payload/RocketChatRN.app/assets/node_modules/react-native-video-controls/assets/img/pause@2x.png
copying file ./Payload/RocketChatRN.app/assets/node_modules/react-native-video-controls/assets/img/loader-icon.png ... 
2019-08-05 09:39:44 +0000  1196 bytes for ./Payload/RocketChatRN.app/assets/node_modules/react-native-video-controls/assets/img/loader-icon.png
copying file ./Payload/RocketChatRN.app/assets/node_modules/react-native-video-controls/assets/img/play@3x.png ... 
1376 bytes for ./Payload/RocketChatRN.app/assets/node_modules/react-native-video-controls/assets/img/play@3x.png
2019-08-05 09:39:44 +0000  copying file ./Payload/RocketChatRN.app/assets/node_modules/react-native-video-controls/assets/img/back@2x.png ... 
1260 bytes for ./Payload/RocketChatRN.app/assets/node_modules/react-native-video-controls/assets/img/back@2x.png
copying file ./Payload/RocketChatRN.app/assets/node_modules/react-native-video-controls/assets/img/volume@3x.png ... 
2019-08-05 09:39:44 +0000  1470 bytes for ./Payload/RocketChatRN.app/assets/node_modules/react-native-video-controls/assets/img/volume@3x.png
copying file ./Payload/RocketChatRN.app/assets/node_modules/react-native-video-controls/assets/img/volume.png ... 
2019-08-05 09:39:44 +0000  1298 bytes for ./Payload/RocketChatRN.app/assets/node_modules/react-native-video-controls/assets/img/volume.png
copying file ./Payload/RocketChatRN.app/assets/node_modules/react-native-video-controls/assets/img/expand.png ... 
1204 bytes for ./Payload/RocketChatRN.app/assets/node_modules/react-native-video-controls/assets/img/expand.png
copying file ./Payload/RocketChatRN.app/assets/node_modules/react-native-video-controls/assets/img/error-icon.png ... 
2019-08-05 09:39:44 +0000  1633 bytes for ./Payload/RocketChatRN.app/assets/node_modules/react-native-video-controls/assets/img/error-icon.png
copying file ./Payload/RocketChatRN.app/assets/node_modules/react-native-video-controls/assets/img/volume@2x.png ... 
2019-08-05 09:39:44 +0000  1608 bytes for ./Payload/RocketChatRN.app/assets/node_modules/react-native-video-controls/assets/img/volume@2x.png
copying file ./Payload/RocketChatRN.app/assets/node_modules/react-native-video-controls/assets/img/back@3x.png ... 
2019-08-05 09:39:44 +0000  1443 bytes for ./Payload/RocketChatRN.app/assets/node_modules/react-native-video-controls/assets/img/back@3x.png
copying file ./Payload/RocketChatRN.app/assets/node_modules/react-native-video-controls/assets/img/play@2x.png ... 
2019-08-05 09:39:44 +0000  1233 bytes for ./Payload/RocketChatRN.app/assets/node_modules/react-native-video-controls/assets/img/play@2x.png
copying file ./Payload/RocketChatRN.app/assets/node_modules/react-native-video-controls/assets/img/pause@3x.png ... 
1213 bytes for ./Payload/RocketChatRN.app/assets/node_modules/react-native-video-controls/assets/img/pause@3x.png
copying file ./Payload/RocketChatRN.app/assets/node_modules/react-native-video-controls/assets/img/bottom-vignette@3x.png ... 
2019-08-05 09:39:44 +0000  1151 bytes for ./Payload/RocketChatRN.app/assets/node_modules/react-native-video-controls/assets/img/bottom-vignette@3x.png
copying file ./Payload/RocketChatRN.app/assets/node_modules/react-native-video-controls/assets/img/shrink.png ... 
1236 bytes for ./Payload/RocketChatRN.app/assets/node_modules/react-native-video-controls/assets/img/shrink.png
copying file ./Payload/RocketChatRN.app/assets/node_modules/react-native-video-controls/assets/img/bottom-vignette.png ... 
2019-08-05 09:39:44 +0000  976 bytes for ./Payload/RocketChatRN.app/assets/node_modules/react-native-video-controls/assets/img/bottom-vignette.png
copying file ./Payload/RocketChatRN.app/assets/node_modules/react-native-video-controls/assets/img/shrink@3x.png ... 
2019-08-05 09:39:44 +0000  1631 bytes for ./Payload/RocketChatRN.app/assets/node_modules/react-native-video-controls/assets/img/shrink@3x.png
copying file ./Payload/RocketChatRN.app/assets/node_modules/react-native-video-controls/assets/img/loader-icon@2x.png ... 
1409 bytes for ./Payload/RocketChatRN.app/assets/node_modules/react-native-video-controls/assets/img/loader-icon@2x.png
2019-08-05 09:39:44 +0000  copying file ./Payload/RocketChatRN.app/assets/node_modules/react-native-video-controls/assets/img/pause.png ... 
1090 bytes for ./Payload/RocketChatRN.app/assets/node_modules/react-native-video-controls/assets/img/pause.png
copying file ./Payload/RocketChatRN.app/assets/node_modules/react-native-video-controls/assets/img/loader-icon@3x.png ... 
2019-08-05 09:39:44 +0000  1642 bytes for ./Payload/RocketChatRN.app/assets/node_modules/react-native-video-controls/assets/img/loader-icon@3x.png
copying file ./Payload/RocketChatRN.app/assets/node_modules/react-native-video-controls/assets/img/shrink@2x.png ... 
2019-08-05 09:39:44 +0000  1448 bytes for ./Payload/RocketChatRN.app/assets/node_modules/react-native-video-controls/assets/img/shrink@2x.png
copying file ./Payload/RocketChatRN.app/assets/node_modules/react-native-video-controls/assets/img/top-vignette.png ... 
990 bytes for ./Payload/RocketChatRN.app/assets/node_modules/react-native-video-controls/assets/img/top-vignette.png
copying file ./Payload/RocketChatRN.app/assets/node_modules/react-native-video-controls/assets/img/error-icon@2x.png ... 
2019-08-05 09:39:44 +0000  2550 bytes for ./Payload/RocketChatRN.app/assets/node_modules/react-native-video-controls/assets/img/error-icon@2x.png
copying file ./Payload/RocketChatRN.app/assets/node_modules/react-native-video-controls/assets/img/top-vignette@2x.png ... 
2019-08-05 09:39:44 +0000  1053 bytes for ./Payload/RocketChatRN.app/assets/node_modules/react-native-video-controls/assets/img/top-vignette@2x.png
copying file ./Payload/RocketChatRN.app/assets/node_modules/react-native-video-controls/assets/img/expand@2x.png ... 
2019-08-05 09:39:44 +0000  1269 bytes for ./Payload/RocketChatRN.app/assets/node_modules/react-native-video-controls/assets/img/expand@2x.png
copying file ./Payload/RocketChatRN.app/assets/node_modules/react-native-video-controls/assets/img/expand@3x.png ... 
1406 bytes for ./Payload/RocketChatRN.app/assets/node_modules/react-native-video-controls/assets/img/expand@3x.png
copying file ./Payload/RocketChatRN.app/assets/node_modules/react-native-video-controls/assets/img/play.png ... 
2019-08-05 09:39:44 +0000  1152 bytes for ./Payload/RocketChatRN.app/assets/node_modules/react-native-video-controls/assets/img/play.png
copying file ./Payload/RocketChatRN.app/assets/node_modules/react-native-video-controls/assets/img/back.png ... 
2019-08-05 09:39:44 +0000  1173 bytes for ./Payload/RocketChatRN.app/assets/node_modules/react-native-video-controls/assets/img/back.png
copying file ./Payload/RocketChatRN.app/assets/node_modules/react-native-video-controls/assets/img/top-vignette@3x.png ... 
1170 bytes for ./Payload/RocketChatRN.app/assets/node_modules/react-native-video-controls/assets/img/top-vignette@3x.png
copying file ./Payload/RocketChatRN.app/assets/node_modules/react-native-video-controls/assets/img/error-icon@3x.png ... 
2019-08-05 09:39:44 +0000  3463 bytes for ./Payload/RocketChatRN.app/assets/node_modules/react-native-video-controls/assets/img/error-icon@3x.png
2019-08-05 09:39:44 +0000  copying file ./Payload/RocketChatRN.app/assets/node_modules/@bang88/react-native-ultimate-listview/src/downArrow.png ... 
2019-08-05 09:39:44 +0000  1194 bytes for ./Payload/RocketChatRN.app/assets/node_modules/@bang88/react-native-ultimate-listview/src/downArrow.png
copying file ./Payload/RocketChatRN.app/LaunchImage-800-Landscape-736h@3x.png ... 
2019-08-05 09:39:44 +0000  11701 bytes for ./Payload/RocketChatRN.app/LaunchImage-800-Landscape-736h@3x.png
copying file ./Payload/RocketChatRN.app/AppIcon20x20@2x~ipad.png ... 
2019-08-05 09:39:44 +0000  2282 bytes for ./Payload/RocketChatRN.app/AppIcon20x20@2x~ipad.png
copying file ./Payload/RocketChatRN.app/Info.plist ... 
2019-08-05 09:39:44 +0000  2905 bytes for ./Payload/RocketChatRN.app/Info.plist
copying file ./Payload/RocketChatRN.app/PkgInfo ... 
8 bytes for ./Payload/RocketChatRN.app/PkgInfo
copying file ./Payload/RocketChatRN.app/MaterialIcons.ttf ... 
2019-08-05 09:39:44 +0000  128180 bytes for ./Payload/RocketChatRN.app/MaterialIcons.ttf
copying file ./Payload/RocketChatRN.app/AppIcon76x76~ipad.png ... 
2019-08-05 09:39:44 +0000  5345 bytes for ./Payload/RocketChatRN.app/AppIcon76x76~ipad.png
2019-08-05 09:39:44 +0000  /usr/bin/ditto exited with 0
2019-08-05 09:39:44 +0000  Processing step: IDEDistributionAppStoreInformationStep
2019-08-05 09:39:44 +0000  Skipping step: IDEDistributionAppStoreInformationStep because it said so
2019-08-05 09:39:44 +0000  Processing step: IDEDistributionCreateManifestStep
